Using pre-set license
Built from '2021.3/staging' branch; Version is '2021.3.7f1 (24e8595d6d43) revision 2418777'; Using compiler version '192829333'; Build Type 'Release'
OS: 'Windows 10  (10.0.19044) 64bit Core' Language: 'en' Physical Memory: 8115 MB
BatchMode: 1, IsHumanControllingUs: 0, StartBugReporterOnCrash: 0, Is64bit: 1, IsPro: 1

COMMAND LINE ARGUMENTS:
C:\Program Files\Unity\Hub\Editor\2021.3.7f1\Editor\Unity.exe
-adb2
-batchMode
-noUpm
-name
AssetImportWorker0
-projectPath
C:/Unity/UnityGames/CyberSpy-2087/CyberSpy 2087
-logFile
Logs/AssetImportWorker0.log
-srvPort
54377
Successfully changed project path to: C:/Unity/UnityGames/CyberSpy-2087/CyberSpy 2087
C:/Unity/UnityGames/CyberSpy-2087/CyberSpy 2087
[UnityMemory] Configuration Parameters - Can be set up in boot.config
    "memorysetup-bucket-allocator-granularity=16"
    "memorysetup-bucket-allocator-bucket-count=8"
    "memorysetup-bucket-allocator-block-size=33554432"
    "memorysetup-bucket-allocator-block-count=8"
    "memorysetup-main-allocator-block-size=16777216"
    "memorysetup-thread-allocator-block-size=16777216"
    "memorysetup-gfx-main-allocator-block-size=16777216"
    "memorysetup-gfx-thread-allocator-block-size=16777216"
    "memorysetup-cache-allocator-block-size=4194304"
    "memorysetup-typetree-allocator-block-size=2097152"
    "memorysetup-profiler-bucket-allocator-granularity=16"
    "memorysetup-profiler-bucket-allocator-bucket-count=8"
    "memorysetup-profiler-bucket-allocator-block-size=33554432"
    "memorysetup-profiler-bucket-allocator-block-count=8"
    "memorysetup-profiler-allocator-block-size=16777216"
    "memorysetup-profiler-editor-allocator-block-size=1048576"
    "memorysetup-temp-allocator-size-main=16777216"
    "memorysetup-job-temp-allocator-block-size=2097152"
    "memorysetup-job-temp-allocator-block-size-background=1048576"
    "memorysetup-job-temp-allocator-reduction-small-platforms=262144"
    "memorysetup-temp-allocator-size-background-worker=32768"
    "memorysetup-temp-allocator-size-job-worker=262144"
    "memorysetup-temp-allocator-size-preload-manager=33554432"
    "memorysetup-temp-allocator-size-nav-mesh-worker=65536"
    "memorysetup-temp-allocator-size-audio-worker=65536"
    "memorysetup-temp-allocator-size-cloud-worker=32768"
    "memorysetup-temp-allocator-size-gi-baking-worker=262144"
    "memorysetup-temp-allocator-size-gfx=262144"
Refreshing native plugins compatible for Editor in 124.44 ms, found 3 plugins.
Preloading 0 native plugins for Editor in 0.00 ms.
Initialize engine version: 2021.3.7f1 (24e8595d6d43)
[Subsystems] Discovering subsystems at path C:/Program Files/Unity/Hub/Editor/2021.3.7f1/Editor/Data/Resources/UnitySubsystems
[Subsystems] Discovering subsystems at path C:/Unity/UnityGames/CyberSpy-2087/CyberSpy 2087/Assets
GfxDevice: creating device client; threaded=0; jobified=0
Direct3D:
    Version:  Direct3D 11.0 [level 11.0]
    Renderer: NVIDIA GeForce 840M (ID=0x1341)
    Vendor:   NVIDIA
    VRAM:     2010 MB
    Driver:   27.21.14.6589
Initialize mono
Mono path[0] = 'C:/Program Files/Unity/Hub/Editor/2021.3.7f1/Editor/Data/Managed'
Mono path[1] = 'C:/Program Files/Unity/Hub/Editor/2021.3.7f1/Editor/Data/MonoBleedingEdge/lib/mono/unityjit-win32'
Mono config path = 'C:/Program Files/Unity/Hub/Editor/2021.3.7f1/Editor/Data/MonoBleedingEdge/etc'
Using monoOptions --debugger-agent=transport=dt_socket,embedding=1,server=y,suspend=n,address=127.0.0.1:56484
Begin MonoManager ReloadAssembly
Registering precompiled unity dll's ...
Register platform support module: C:/Program Files/Unity/Hub/Editor/2021.3.7f1/Editor/Data/PlaybackEngines/WindowsStandaloneSupport/UnityEditor.WindowsStandalone.Extensions.dll
Registered in 0.010916 seconds.
Native extension for WindowsStandalone target not found
Refreshing native plugins compatible for Editor in 118.04 ms, found 3 plugins.
Preloading 0 native plugins for Editor in 0.00 ms.
Mono: successfully reloaded assembly
- Completed reload, in  0.903 seconds
Domain Reload Profiling:
	ReloadAssembly (904ms)
		BeginReloadAssembly (116ms)
			ExecutionOrderSort (0ms)
			DisableScriptedObjects (0ms)
			BackupInstance (0ms)
			ReleaseScriptingObjects (0ms)
			CreateAndSetChildDomain (1ms)
		EndReloadAssembly (633ms)
			LoadAssemblies (112ms)
			RebuildTransferFunctionScriptingTraits (0ms)
			SetupTypeCache (152ms)
			ReleaseScriptCaches (0ms)
			RebuildScriptCaches (38ms)
			SetupLoadedEditorAssemblies (353ms)
				LogAssemblyErrors (0ms)
				InitializePlatformSupportModulesInManaged (11ms)
				SetLoadedEditorAssemblies (0ms)
				RefreshPlugins (118ms)
				BeforeProcessingInitializeOnLoad (2ms)
				ProcessInitializeOnLoadAttributes (164ms)
				ProcessInitializeOnLoadMethodAttributes (58ms)
				AfterProcessingInitializeOnLoad (0ms)
				EditorAssembliesLoaded (0ms)
			ExecutionOrderSort2 (0ms)
			AwakeInstancesAfterBackupRestoration (0ms)
Platform modules already initialized, skipping
Registering precompiled user dll's ...
Registered in 0.011117 seconds.
Begin MonoManager ReloadAssembly
Symbol file LoadedFromMemory doesn't match image C:\Unity\UnityGames\CyberSpy-2087\CyberSpy 2087\Library\PackageCache\com.unity.visualscripting@1.7.8\Editor\VisualScripting.Core\Dependencies\YamlDotNet\Unity.VisualScripting.YamlDotNet.dll
Symbol file LoadedFromMemory doesn't match image C:\Unity\UnityGames\CyberSpy-2087\CyberSpy 2087\Library\PackageCache\com.unity.visualscripting@1.7.8\Editor\VisualScripting.Core\Dependencies\DotNetZip\Unity.VisualScripting.IonicZip.dll
Native extension for WindowsStandalone target not found
Refreshing native plugins compatible for Editor in 0.82 ms, found 3 plugins.
Preloading 0 native plugins for Editor in 0.00 ms.
Mono: successfully reloaded assembly
- Completed reload, in  1.563 seconds
Domain Reload Profiling:
	ReloadAssembly (1564ms)
		BeginReloadAssembly (161ms)
			ExecutionOrderSort (0ms)
			DisableScriptedObjects (7ms)
			BackupInstance (0ms)
			ReleaseScriptingObjects (0ms)
			CreateAndSetChildDomain (27ms)
		EndReloadAssembly (1239ms)
			LoadAssemblies (168ms)
			RebuildTransferFunctionScriptingTraits (0ms)
			SetupTypeCache (387ms)
			ReleaseScriptCaches (1ms)
			RebuildScriptCaches (75ms)
			SetupLoadedEditorAssemblies (560ms)
				LogAssemblyErrors (0ms)
				InitializePlatformSupportModulesInManaged (7ms)
				SetLoadedEditorAssemblies (1ms)
				RefreshPlugins (1ms)
				BeforeProcessingInitializeOnLoad (127ms)
				ProcessInitializeOnLoadAttributes (361ms)
				ProcessInitializeOnLoadMethodAttributes (50ms)
				AfterProcessingInitializeOnLoad (12ms)
				EditorAssembliesLoaded (0ms)
			ExecutionOrderSort2 (0ms)
			AwakeInstancesAfterBackupRestoration (8ms)
Platform modules already initialized, skipping
========================================================================
Worker process is ready to serve import requests
Launched and connected shader compiler UnityShaderCompiler.exe after 0.06 seconds
Refreshing native plugins compatible for Editor in 1.02 ms, found 3 plugins.
Preloading 0 native plugins for Editor in 0.00 ms.
Unloading 3674 Unused Serialized files (Serialized files now loaded: 0)
Unloading 44 unused Assets / (1.3 MB). Loaded Objects now: 4134.
Memory consumption went from 209.9 MB to 208.6 MB.
Total: 5.452200 ms (FindLiveObjects: 0.403400 ms CreateObjectMapping: 0.182700 ms MarkObjects: 4.489600 ms  DeleteObjects: 0.375400 ms)

AssetImportParameters requested are different than current active one (requested -> active):
  custom:video-decoder-ogg-theora: a1e56fd34408186e4bbccfd4996cb3dc -> 
  custom:container-muxer-webm: aa71ff27fc2769a1b78a27578f13a17b -> 
  custom:container-demuxer-webm: 4f35f7cbe854078d1ac9338744f61a02 -> 
  custom:video-encoder-webm-vp8: eb34c28f22e8b96e1ab97ce403110664 -> 
  custom:audio-encoder-webm-vorbis: bf7c407c2cedff20999df2af8eb42d56 -> 
  custom:framework-win-MediaFoundation: 216162199b28c13a410421893ffa2e32 -> 
  custom:container-demuxer-ogg: 62fdf1f143b41e24485cea50d1cbac27 -> 
  custom:video-decoder-webm-vp8: 9c59270c3fd7afecdb556c50c9e8de78 -> 
  custom:audio-decoder-ogg-vorbis: bf7c407c2cedff20999df2af8eb42d56 -> 
========================================================================
Received Import Request.
  Time since last request: 214723.964591 seconds.
  path: Assets/Scripts/UI Scripts/MainMenuManager.cs
  artifactKey: Guid(7335340949cacca4b9248ae5ca2ea8f5) Importer(815301076,1909f56bfc062723c751e8b465ee728b)
Start importing Assets/Scripts/UI Scripts/MainMenuManager.cs using Guid(7335340949cacca4b9248ae5ca2ea8f5) Importer(815301076,1909f56bfc062723c751e8b465ee728b)  -> (artifact id: '356ebf80f0ab15137a4387267b21abcc') in 0.580365 seconds 
========================================================================
Received Import Request.
  Time since last request: 1933.851783 seconds.
  path: Assets/Scenes/SampleScene.unity
  artifactKey: Guid(9fc0d4010bbf28b4594072e72b8655ab) Importer(815301076,1909f56bfc062723c751e8b465ee728b)
Start importing Assets/Scenes/SampleScene.unity using Guid(9fc0d4010bbf28b4594072e72b8655ab) Importer(815301076,1909f56bfc062723c751e8b465ee728b)  -> (artifact id: '5b295058c2f50099fc9414e106b375f3') in 0.103652 seconds 
========================================================================
Received Import Request.
  Time since last request: 1.922088 seconds.
  path: Assets/Scenes/SampleScene 1.unity
  artifactKey: Guid(9ceee0bf340b5d84daf2f6246b2734bf) Importer(815301076,1909f56bfc062723c751e8b465ee728b)
Start importing Assets/Scenes/SampleScene 1.unity using Guid(9ceee0bf340b5d84daf2f6246b2734bf) Importer(815301076,1909f56bfc062723c751e8b465ee728b)  -> (artifact id: 'e998fea5358d33b2f5235836326dc7cf') in 0.053195 seconds 
========================================================================
Received Import Request.
  Time since last request: 6.107858 seconds.
  path: Assets/Scenes/Level 1.unity
  artifactKey: Guid(9ceee0bf340b5d84daf2f6246b2734bf) Importer(815301076,1909f56bfc062723c751e8b465ee728b)
Start importing Assets/Scenes/Level 1.unity using Guid(9ceee0bf340b5d84daf2f6246b2734bf) Importer(815301076,1909f56bfc062723c751e8b465ee728b)  -> (artifact id: 'ea772b3c7d8baf624b476eef27b542b0') in 0.037279 seconds 
========================================================================
Received Import Request.
  Time since last request: 1085.218795 seconds.
  path: Assets/Game assets/Buildings
  artifactKey: Guid(31d0047d81a6f5b44acbbbfd377eb028) Importer(815301076,1909f56bfc062723c751e8b465ee728b)
Start importing Assets/Game assets/Buildings using Guid(31d0047d81a6f5b44acbbbfd377eb028) Importer(815301076,1909f56bfc062723c751e8b465ee728b)  -> (artifact id: '9301c7defc872988a27589a7f2064640') in 0.027752 seconds 
========================================================================
Received Import Request.
  Time since last request: 609.899154 seconds.
  path: Assets/Game assets/DeLorean
  artifactKey: Guid(9af0ca377418a0d41818fe32a95aba12) Importer(815301076,1909f56bfc062723c751e8b465ee728b)
Start importing Assets/Game assets/DeLorean using Guid(9af0ca377418a0d41818fe32a95aba12) Importer(815301076,1909f56bfc062723c751e8b465ee728b)  -> (artifact id: 'd77972ca6e218fb2bef4ac0a6eb5a76a') in 0.030602 seconds 
========================================================================
Received Import Request.
  Time since last request: 4.648864 seconds.
  path: Assets/Game assets/DeLorean/CyberpunkDeLorean.FBX
  artifactKey: Guid(4d8e6e59cded52643af273ddf25b12c5) Importer(815301076,1909f56bfc062723c751e8b465ee728b)
Start importing Assets/Game assets/DeLorean/CyberpunkDeLorean.FBX using Guid(4d8e6e59cded52643af273ddf25b12c5) Importer(815301076,1909f56bfc062723c751e8b465ee728b)  -> (artifact id: '88f9e356f49be9e2943b9b5ae61b5dbb') in 2.399031 seconds 
========================================================================
Received Import Request.
  Time since last request: 15.369935 seconds.
  path: Assets/Game assets/DeLorean/CyberpunkDeLorean.FBX
  artifactKey: Guid(4d8e6e59cded52643af273ddf25b12c5) Importer(815301076,1909f56bfc062723c751e8b465ee728b)
Start importing Assets/Game assets/DeLorean/CyberpunkDeLorean.FBX using Guid(4d8e6e59cded52643af273ddf25b12c5) Importer(815301076,1909f56bfc062723c751e8b465ee728b)  -> (artifact id: 'b961ea225b2d236982616974b6dd5291') in 0.598332 seconds 
========================================================================
Received Import Request.
  Time since last request: 7.785157 seconds.
  path: Assets/Game assets/DeLorean/Textures
  artifactKey: Guid(5d8263994a813654aa949d145415b9d1) Importer(815301076,1909f56bfc062723c751e8b465ee728b)
Start importing Assets/Game assets/DeLorean/Textures using Guid(5d8263994a813654aa949d145415b9d1) Importer(815301076,1909f56bfc062723c751e8b465ee728b)  -> (artifact id: '57d900942aac8b06382979908eb6e6ca') in 0.029102 seconds 
========================================================================
Received Import Request.
  Time since last request: 1.616684 seconds.
  path: Assets/Game assets/DeLorean/Textures/DeLorean.jpg
  artifactKey: Guid(5a153440ffd6eee469519b3e67789f6b) Importer(815301076,1909f56bfc062723c751e8b465ee728b)
Start importing Assets/Game assets/DeLorean/Textures/DeLorean.jpg using Guid(5a153440ffd6eee469519b3e67789f6b) Importer(815301076,1909f56bfc062723c751e8b465ee728b)  -> (artifact id: '669fb1e1e48b77f618fb6227a8fdc812') in 0.211337 seconds 
========================================================================
Received Import Request.
  Time since last request: 30.988428 seconds.
  path: Assets/Game assets/DeLorean/CyberpunkDeLorean.FBX
  artifactKey: Guid(4d8e6e59cded52643af273ddf25b12c5) Importer(815301076,1909f56bfc062723c751e8b465ee728b)
Start importing Assets/Game assets/DeLorean/CyberpunkDeLorean.FBX using Guid(4d8e6e59cded52643af273ddf25b12c5) Importer(815301076,1909f56bfc062723c751e8b465ee728b)  -> (artifact id: '4d8c9bf5f4096181733743bd29327f2d') in 0.573827 seconds 
========================================================================
Received Prepare
Registering precompiled user dll's ...
Registered in 0.009667 seconds.
Begin MonoManager ReloadAssembly
Symbol file LoadedFromMemory doesn't match image C:\Unity\UnityGames\CyberSpy-2087\CyberSpy 2087\Library\PackageCache\com.unity.visualscripting@1.7.8\Editor\VisualScripting.Core\Dependencies\YamlDotNet\Unity.VisualScripting.YamlDotNet.dll
Symbol file LoadedFromMemory doesn't match image C:\Unity\UnityGames\CyberSpy-2087\CyberSpy 2087\Library\PackageCache\com.unity.visualscripting@1.7.8\Editor\VisualScripting.Core\Dependencies\DotNetZip\Unity.VisualScripting.IonicZip.dll
Native extension for WindowsStandalone target not found
Refreshing native plugins compatible for Editor in 0.94 ms, found 3 plugins.
Preloading 0 native plugins for Editor in 0.00 ms.
Mono: successfully reloaded assembly
- Completed reload, in  2.840 seconds
Domain Reload Profiling:
	ReloadAssembly (2842ms)
		BeginReloadAssembly (816ms)
			ExecutionOrderSort (15ms)
			DisableScriptedObjects (31ms)
			BackupInstance (0ms)
			ReleaseScriptingObjects (8ms)
			CreateAndSetChildDomain (378ms)
		EndReloadAssembly (1775ms)
			LoadAssemblies (244ms)
			RebuildTransferFunctionScriptingTraits (0ms)
			SetupTypeCache (925ms)
			ReleaseScriptCaches (3ms)
			RebuildScriptCaches (98ms)
			SetupLoadedEditorAssemblies (504ms)
				LogAssemblyErrors (0ms)
				InitializePlatformSupportModulesInManaged (24ms)
				SetLoadedEditorAssemblies (1ms)
				RefreshPlugins (1ms)
				BeforeProcessingInitializeOnLoad (101ms)
				ProcessInitializeOnLoadAttributes (320ms)
				ProcessInitializeOnLoadMethodAttributes (43ms)
				AfterProcessingInitializeOnLoad (13ms)
				EditorAssembliesLoaded (0ms)
			ExecutionOrderSort2 (0ms)
			AwakeInstancesAfterBackupRestoration (9ms)
Platform modules already initialized, skipping
Refreshing native plugins compatible for Editor in 3.99 ms, found 3 plugins.
Preloading 0 native plugins for Editor in 0.00 ms.
Unloading 3630 Unused Serialized files (Serialized files now loaded: 0)
Unloading 33 unused Assets / (1.3 MB). Loaded Objects now: 4181.
Memory consumption went from 210.8 MB to 209.5 MB.
Total: 7.714900 ms (FindLiveObjects: 0.540500 ms CreateObjectMapping: 0.493700 ms MarkObjects: 6.280500 ms  DeleteObjects: 0.398700 ms)

AssetImportParameters requested are different than current active one (requested -> active):
  custom:video-decoder-ogg-theora: a1e56fd34408186e4bbccfd4996cb3dc -> 
  custom:container-muxer-webm: aa71ff27fc2769a1b78a27578f13a17b -> 
  custom:container-demuxer-webm: 4f35f7cbe854078d1ac9338744f61a02 -> 
  custom:video-encoder-webm-vp8: eb34c28f22e8b96e1ab97ce403110664 -> 
  custom:audio-encoder-webm-vorbis: bf7c407c2cedff20999df2af8eb42d56 -> 
  custom:framework-win-MediaFoundation: 216162199b28c13a410421893ffa2e32 -> 
  custom:container-demuxer-ogg: 62fdf1f143b41e24485cea50d1cbac27 -> 
  custom:video-decoder-webm-vp8: 9c59270c3fd7afecdb556c50c9e8de78 -> 
  custom:audio-decoder-ogg-vorbis: bf7c407c2cedff20999df2af8eb42d56 -> 
========================================================================
Received Import Request.
  Time since last request: 525.206548 seconds.
  path: Assets/Game assets/futuristic-building/source/63c9aa6dc3054b2a81e572f1fa9bf229.fbx.fbx
  artifactKey: Guid(67d12fa44ccb0954689bd30c1cfdebe7) Importer(815301076,1909f56bfc062723c751e8b465ee728b)
Start importing Assets/Game assets/futuristic-building/source/63c9aa6dc3054b2a81e572f1fa9bf229.fbx.fbx using Guid(67d12fa44ccb0954689bd30c1cfdebe7) Importer(815301076,1909f56bfc062723c751e8b465ee728b)  -> (artifact id: 'cb0ed8c426728f0524443fb03e65b0e6') in 0.381833 seconds 
========================================================================
Received Import Request.
  Time since last request: 13.264489 seconds.
  path: Assets/Game assets/futuristic-building/source/63c9aa6dc3054b2a81e572f1fa9bf229.fbx.fbx
  artifactKey: Guid(67d12fa44ccb0954689bd30c1cfdebe7) Importer(815301076,1909f56bfc062723c751e8b465ee728b)
Start importing Assets/Game assets/futuristic-building/source/63c9aa6dc3054b2a81e572f1fa9bf229.fbx.fbx using Guid(67d12fa44ccb0954689bd30c1cfdebe7) Importer(815301076,1909f56bfc062723c751e8b465ee728b)  -> (artifact id: 'dd4d9454acbb6db11e7659badebe8105') in 0.040477 seconds 
========================================================================
Received Import Request.
  Time since last request: 14.654978 seconds.
  path: Assets/Game assets/futuristic-building/source
  artifactKey: Guid(56d7d17668463ed4c8c62c644dbfef9a) Importer(815301076,1909f56bfc062723c751e8b465ee728b)
Start importing Assets/Game assets/futuristic-building/source using Guid(56d7d17668463ed4c8c62c644dbfef9a) Importer(815301076,1909f56bfc062723c751e8b465ee728b)  -> (artifact id: '5b432580804a61f6ab64d4b02053da5a') in 0.020877 seconds 
========================================================================
Received Prepare
Registering precompiled user dll's ...
Registered in 0.011978 seconds.
Begin MonoManager ReloadAssembly
Symbol file LoadedFromMemory doesn't match image C:\Unity\UnityGames\CyberSpy-2087\CyberSpy 2087\Library\PackageCache\com.unity.visualscripting@1.7.8\Editor\VisualScripting.Core\Dependencies\YamlDotNet\Unity.VisualScripting.YamlDotNet.dll
Symbol file LoadedFromMemory doesn't match image C:\Unity\UnityGames\CyberSpy-2087\CyberSpy 2087\Library\PackageCache\com.unity.visualscripting@1.7.8\Editor\VisualScripting.Core\Dependencies\DotNetZip\Unity.VisualScripting.IonicZip.dll
Native extension for WindowsStandalone target not found
Refreshing native plugins compatible for Editor in 1.06 ms, found 3 plugins.
Preloading 0 native plugins for Editor in 0.00 ms.
Mono: successfully reloaded assembly
- Completed reload, in  2.116 seconds
Domain Reload Profiling:
	ReloadAssembly (2118ms)
		BeginReloadAssembly (325ms)
			ExecutionOrderSort (0ms)
			DisableScriptedObjects (28ms)
			BackupInstance (0ms)
			ReleaseScriptingObjects (0ms)
			CreateAndSetChildDomain (77ms)
		EndReloadAssembly (1595ms)
			LoadAssemblies (233ms)
			RebuildTransferFunctionScriptingTraits (0ms)
			SetupTypeCache (552ms)
			ReleaseScriptCaches (2ms)
			RebuildScriptCaches (82ms)
			SetupLoadedEditorAssemblies (669ms)
				LogAssemblyErrors (0ms)
				InitializePlatformSupportModulesInManaged (27ms)
				SetLoadedEditorAssemblies (1ms)
				RefreshPlugins (1ms)
				BeforeProcessingInitializeOnLoad (152ms)
				ProcessInitializeOnLoadAttributes (393ms)
				ProcessInitializeOnLoadMethodAttributes (74ms)
				AfterProcessingInitializeOnLoad (20ms)
				EditorAssembliesLoaded (0ms)
			ExecutionOrderSort2 (0ms)
			AwakeInstancesAfterBackupRestoration (13ms)
Platform modules already initialized, skipping
Refreshing native plugins compatible for Editor in 4.91 ms, found 3 plugins.
Preloading 0 native plugins for Editor in 0.00 ms.
Unloading 3630 Unused Serialized files (Serialized files now loaded: 0)
Unloading 33 unused Assets / (1.3 MB). Loaded Objects now: 4184.
Memory consumption went from 210.8 MB to 209.5 MB.
Total: 6.171900 ms (FindLiveObjects: 0.344300 ms CreateObjectMapping: 0.317900 ms MarkObjects: 5.128400 ms  DeleteObjects: 0.380100 ms)

AssetImportParameters requested are different than current active one (requested -> active):
  custom:video-decoder-ogg-theora: a1e56fd34408186e4bbccfd4996cb3dc -> 
  custom:container-muxer-webm: aa71ff27fc2769a1b78a27578f13a17b -> 
  custom:container-demuxer-webm: 4f35f7cbe854078d1ac9338744f61a02 -> 
  custom:video-encoder-webm-vp8: eb34c28f22e8b96e1ab97ce403110664 -> 
  custom:audio-encoder-webm-vorbis: bf7c407c2cedff20999df2af8eb42d56 -> 
  custom:framework-win-MediaFoundation: 216162199b28c13a410421893ffa2e32 -> 
  custom:container-demuxer-ogg: 62fdf1f143b41e24485cea50d1cbac27 -> 
  custom:video-decoder-webm-vp8: 9c59270c3fd7afecdb556c50c9e8de78 -> 
  custom:audio-decoder-ogg-vorbis: bf7c407c2cedff20999df2af8eb42d56 -> 
========================================================================
Received Import Request.
  Time since last request: 300.877253 seconds.
  path: Assets/Game assets/GalaxyBox2/Resources/Skybox2_1/SkyboxZ-.png
  artifactKey: Guid(e942bd3c49df74252807bcc9250e4cc8) Importer(815301076,1909f56bfc062723c751e8b465ee728b)
Start importing Assets/Game assets/GalaxyBox2/Resources/Skybox2_1/SkyboxZ-.png using Guid(e942bd3c49df74252807bcc9250e4cc8) Importer(815301076,1909f56bfc062723c751e8b465ee728b)  -> (artifact id: 'bbbf087d1cdd36f3e81d947c83d6af37') in 0.114007 seconds 
========================================================================
Received Import Request.
  Time since last request: 25.502332 seconds.
  path: Assets/Game assets/GalaxyBox2/Resources/Skybox2_2/SkyboxZ+.png
  artifactKey: Guid(7dec40f13ff5345f38b55747293f2711) Importer(815301076,1909f56bfc062723c751e8b465ee728b)
Start importing Assets/Game assets/GalaxyBox2/Resources/Skybox2_2/SkyboxZ+.png using Guid(7dec40f13ff5345f38b55747293f2711) Importer(815301076,1909f56bfc062723c751e8b465ee728b)  -> (artifact id: '2b800d8807a35031c741978645798b41') in 0.081388 seconds 
========================================================================
Received Import Request.
  Time since last request: 0.000039 seconds.
  path: Assets/Game assets/GalaxyBox2/Resources/Skybox2_2/SkyboxX-.png
  artifactKey: Guid(a66f4d854c01041eeb3812d2b2686318) Importer(815301076,1909f56bfc062723c751e8b465ee728b)
Start importing Assets/Game assets/GalaxyBox2/Resources/Skybox2_2/SkyboxX-.png using Guid(a66f4d854c01041eeb3812d2b2686318) Importer(815301076,1909f56bfc062723c751e8b465ee728b)  -> (artifact id: 'b49acb7f1d5365d4878fc7a780403ba3') in 0.042219 seconds 
========================================================================
Received Import Request.
  Time since last request: 0.000033 seconds.
  path: Assets/Game assets/GalaxyBox2/Resources/Skybox2_2/SkyboxX+.png
  artifactKey: Guid(ab50ed52bcbc4422d9b342fd7b696676) Importer(815301076,1909f56bfc062723c751e8b465ee728b)
Start importing Assets/Game assets/GalaxyBox2/Resources/Skybox2_2/SkyboxX+.png using Guid(ab50ed52bcbc4422d9b342fd7b696676) Importer(815301076,1909f56bfc062723c751e8b465ee728b)  -> (artifact id: '430fb0c21171d2f377aa38556a38229b') in 0.078365 seconds 
========================================================================
Received Import Request.
  Time since last request: 0.000039 seconds.
  path: Assets/Game assets/GalaxyBox2/Resources/Skybox2_2/SkyboxZ-.png
  artifactKey: Guid(c9f3d175b1a234a7b9cc19cafa5669c3) Importer(815301076,1909f56bfc062723c751e8b465ee728b)
Start importing Assets/Game assets/GalaxyBox2/Resources/Skybox2_2/SkyboxZ-.png using Guid(c9f3d175b1a234a7b9cc19cafa5669c3) Importer(815301076,1909f56bfc062723c751e8b465ee728b)  -> (artifact id: '8c65430360a02d52bb4c60044d69f757') in 0.029968 seconds 
========================================================================
Received Import Request.
  Time since last request: 0.000046 seconds.
  path: Assets/Game assets/GalaxyBox2/Resources/Skybox2_2/SkyboxY+.png
  artifactKey: Guid(6245fe97b2be14d8abe899f953ff1c70) Importer(815301076,1909f56bfc062723c751e8b465ee728b)
Start importing Assets/Game assets/GalaxyBox2/Resources/Skybox2_2/SkyboxY+.png using Guid(6245fe97b2be14d8abe899f953ff1c70) Importer(815301076,1909f56bfc062723c751e8b465ee728b)  -> (artifact id: '2aebdd4b8953ad2063d26f6669e25dbd') in 0.066858 seconds 
========================================================================
Received Import Request.
  Time since last request: 0.000041 seconds.
  path: Assets/Game assets/GalaxyBox2/Resources/Skybox2_2/SkyboxY-.png
  artifactKey: Guid(ab3e73456e73f469d81c8614fb085234) Importer(815301076,1909f56bfc062723c751e8b465ee728b)
Start importing Assets/Game assets/GalaxyBox2/Resources/Skybox2_2/SkyboxY-.png using Guid(ab3e73456e73f469d81c8614fb085234) Importer(815301076,1909f56bfc062723c751e8b465ee728b)  -> (artifact id: 'c074e2db992fec6f78c83779d12398b1') in 0.049385 seconds 
========================================================================
Received Import Request.
  Time since last request: 5.297745 seconds.
  path: Assets/Game assets/GalaxyBox2/Resources/Skybox2_3/skyboxZ+.png
  artifactKey: Guid(a8159b6b6c0e78e4aa7ffac54aabdfb1) Importer(815301076,1909f56bfc062723c751e8b465ee728b)
Start importing Assets/Game assets/GalaxyBox2/Resources/Skybox2_3/skyboxZ+.png using Guid(a8159b6b6c0e78e4aa7ffac54aabdfb1) Importer(815301076,1909f56bfc062723c751e8b465ee728b)  -> (artifact id: '4ee868ba1124ab67b47d3fbd5a028d5e') in 0.061176 seconds 
========================================================================
Received Import Request.
  Time since last request: 0.000030 seconds.
  path: Assets/Game assets/GalaxyBox2/Resources/Skybox2_3/skyboxX+.png
  artifactKey: Guid(7ca5a831e4fbb924ca219e8dde5091c5) Importer(815301076,1909f56bfc062723c751e8b465ee728b)
Start importing Assets/Game assets/GalaxyBox2/Resources/Skybox2_3/skyboxX+.png using Guid(7ca5a831e4fbb924ca219e8dde5091c5) Importer(815301076,1909f56bfc062723c751e8b465ee728b)  -> (artifact id: '9cc7bf9d3765f6979a0b8ebd0e967a65') in 0.070241 seconds 
========================================================================
Received Import Request.
  Time since last request: 0.000034 seconds.
  path: Assets/Game assets/GalaxyBox2/Resources/Skybox2_3/skyboxY-.png
  artifactKey: Guid(a452835ba01829b43b035c7a1727f71a) Importer(815301076,1909f56bfc062723c751e8b465ee728b)
Start importing Assets/Game assets/GalaxyBox2/Resources/Skybox2_3/skyboxY-.png using Guid(a452835ba01829b43b035c7a1727f71a) Importer(815301076,1909f56bfc062723c751e8b465ee728b)  -> (artifact id: '413654f8ccd03be89b0fefbea5089199') in 0.051662 seconds 
========================================================================
Received Import Request.
  Time since last request: 0.000046 seconds.
  path: Assets/Game assets/GalaxyBox2/Resources/Skybox2_3/skyboxX-.png
  artifactKey: Guid(17fce71ce1ea15b46923da2a2c7c3b72) Importer(815301076,1909f56bfc062723c751e8b465ee728b)
Start importing Assets/Game assets/GalaxyBox2/Resources/Skybox2_3/skyboxX-.png using Guid(17fce71ce1ea15b46923da2a2c7c3b72) Importer(815301076,1909f56bfc062723c751e8b465ee728b)  -> (artifact id: '65f01219976d73b5c607b88f3b999249') in 0.032276 seconds 
========================================================================
Received Import Request.
  Time since last request: 0.000033 seconds.
  path: Assets/Game assets/GalaxyBox2/Resources/Skybox2_3/skyboxZ-.png
  artifactKey: Guid(7803724a69e17c84f9b4f157c1c42b83) Importer(815301076,1909f56bfc062723c751e8b465ee728b)
Start importing Assets/Game assets/GalaxyBox2/Resources/Skybox2_3/skyboxZ-.png using Guid(7803724a69e17c84f9b4f157c1c42b83) Importer(815301076,1909f56bfc062723c751e8b465ee728b)  -> (artifact id: '7b3345ea3affada39ff75a6799e28d46') in 0.053161 seconds 
========================================================================
Received Import Request.
  Time since last request: 0.000027 seconds.
  path: Assets/Game assets/GalaxyBox2/Resources/Skybox2_3/skyboxY+.png
  artifactKey: Guid(abbf935dde662014eb5d475470274c5f) Importer(815301076,1909f56bfc062723c751e8b465ee728b)
Start importing Assets/Game assets/GalaxyBox2/Resources/Skybox2_3/skyboxY+.png using Guid(abbf935dde662014eb5d475470274c5f) Importer(815301076,1909f56bfc062723c751e8b465ee728b)  -> (artifact id: '2b0be26ef2e4d93f0ba08e469205dd9c') in 0.046368 seconds 
========================================================================
Received Import Request.
  Time since last request: 5.071521 seconds.
  path: Assets/Game assets/GalaxyBox2/Resources/Skybox2_2
  artifactKey: Guid(175271a5a29b3114c97b895350a98d0c) Importer(815301076,1909f56bfc062723c751e8b465ee728b)
Start importing Assets/Game assets/GalaxyBox2/Resources/Skybox2_2 using Guid(175271a5a29b3114c97b895350a98d0c) Importer(815301076,1909f56bfc062723c751e8b465ee728b)  -> (artifact id: 'ebef09738ee6185999afb26639d9c814') in 0.050435 seconds 
========================================================================
Received Prepare
Registering precompiled user dll's ...
Registered in 0.012793 seconds.
Begin MonoManager ReloadAssembly
Symbol file LoadedFromMemory doesn't match image C:\Unity\UnityGames\CyberSpy-2087\CyberSpy 2087\Library\PackageCache\com.unity.visualscripting@1.7.8\Editor\VisualScripting.Core\Dependencies\YamlDotNet\Unity.VisualScripting.YamlDotNet.dll
Symbol file LoadedFromMemory doesn't match image C:\Unity\UnityGames\CyberSpy-2087\CyberSpy 2087\Library\PackageCache\com.unity.visualscripting@1.7.8\Editor\VisualScripting.Core\Dependencies\DotNetZip\Unity.VisualScripting.IonicZip.dll
Native extension for WindowsStandalone target not found
Refreshing native plugins compatible for Editor in 0.83 ms, found 3 plugins.
Preloading 0 native plugins for Editor in 0.00 ms.
Mono: successfully reloaded assembly
- Completed reload, in  4.217 seconds
Domain Reload Profiling:
	ReloadAssembly (4218ms)
		BeginReloadAssembly (472ms)
			ExecutionOrderSort (0ms)
			DisableScriptedObjects (11ms)
			BackupInstance (0ms)
			ReleaseScriptingObjects (0ms)
			CreateAndSetChildDomain (69ms)
		EndReloadAssembly (2916ms)
			LoadAssemblies (377ms)
			RebuildTransferFunctionScriptingTraits (0ms)
			SetupTypeCache (2019ms)
			ReleaseScriptCaches (2ms)
			RebuildScriptCaches (59ms)
			SetupLoadedEditorAssemblies (592ms)
				LogAssemblyErrors (0ms)
				InitializePlatformSupportModulesInManaged (17ms)
				SetLoadedEditorAssemblies (1ms)
				RefreshPlugins (1ms)
				BeforeProcessingInitializeOnLoad (110ms)
				ProcessInitializeOnLoadAttributes (398ms)
				ProcessInitializeOnLoadMethodAttributes (49ms)
				AfterProcessingInitializeOnLoad (16ms)
				EditorAssembliesLoaded (0ms)
			ExecutionOrderSort2 (0ms)
			AwakeInstancesAfterBackupRestoration (9ms)
Platform modules already initialized, skipping
Refreshing native plugins compatible for Editor in 3.83 ms, found 3 plugins.
Preloading 0 native plugins for Editor in 0.00 ms.
Unloading 3631 Unused Serialized files (Serialized files now loaded: 0)
Unloading 33 unused Assets / (1.3 MB). Loaded Objects now: 4189.
Memory consumption went from 210.9 MB to 209.6 MB.
Total: 5.162900 ms (FindLiveObjects: 0.365400 ms CreateObjectMapping: 0.386300 ms MarkObjects: 4.080300 ms  DeleteObjects: 0.329800 ms)

AssetImportParameters requested are different than current active one (requested -> active):
  custom:video-decoder-ogg-theora: a1e56fd34408186e4bbccfd4996cb3dc -> 
  custom:container-muxer-webm: aa71ff27fc2769a1b78a27578f13a17b -> 
  custom:container-demuxer-webm: 4f35f7cbe854078d1ac9338744f61a02 -> 
  custom:video-encoder-webm-vp8: eb34c28f22e8b96e1ab97ce403110664 -> 
  custom:audio-encoder-webm-vorbis: bf7c407c2cedff20999df2af8eb42d56 -> 
  custom:framework-win-MediaFoundation: 216162199b28c13a410421893ffa2e32 -> 
  custom:container-demuxer-ogg: 62fdf1f143b41e24485cea50d1cbac27 -> 
  custom:video-decoder-webm-vp8: 9c59270c3fd7afecdb556c50c9e8de78 -> 
  custom:audio-decoder-ogg-vorbis: bf7c407c2cedff20999df2af8eb42d56 -> 
========================================================================
Received Import Request.
  Time since last request: 368.369120 seconds.
  path: ProjectSettings/TagManager.asset
  artifactKey: Guid(00000000000000003000000000000000) Importer(815301076,1909f56bfc062723c751e8b465ee728b)
Start importing ProjectSettings/TagManager.asset using Guid(00000000000000003000000000000000) Importer(815301076,1909f56bfc062723c751e8b465ee728b)  -> (artifact id: '7de4746175b9845b21440aee17fc652d') in 0.091711 seconds 
